<?xml version="1.0" encoding="UTF-8"?>
<coverage generated="1608651590817" clover="3.2.0">
  <project timestamp="1608651590817" name="All files">
    <metrics statements="17" coveredstatements="12" conditionals="4" coveredconditionals="3" methods="4" coveredmethods="3" elements="25" coveredelements="18" complexity="0" loc="17" ncloc="17" packages="1" files="2" classes="2"/>
    <file name="InsertPerson.js" path="C:\Users\Kaveh\WebstormProjects\Sewing\Tests\InsertPerson.js">
      <metrics statements="11" coveredstatements="6" conditionals="2" coveredconditionals="1" methods="3" coveredmethods="2"/>
      <line num="4" count="0" type="stmt"/>
      <line num="5" count="0" type="stmt"/>
      <line num="6" count="0" type="stmt"/>
      <line num="12" count="1" type="stmt"/>
      <line num="13" count="1" type="stmt"/>
      <line num="14" count="1" type="stmt"/>
      <line num="16" count="1" type="cond" truecount="1" falsecount="1"/>
      <line num="17" count="0" type="stmt"/>
      <line num="18" count="0" type="stmt"/>
      <line num="20" count="1" type="stmt"/>
      <line num="24" count="1" type="stmt"/>
    </file>
    <file name="SearchByName.js" path="C:\Users\Kaveh\WebstormProjects\Sewing\Tests\SearchByName.js">
      <metrics statements="6" coveredstatements="6" conditionals="2" coveredconditionals="2" methods="1" coveredmethods="1"/>
      <line num="2" count="2" type="stmt"/>
      <line num="3" count="2" type="stmt"/>
      <line num="4" count="2" type="cond" truecount="2" falsecount="0"/>
      <line num="5" count="1" type="stmt"/>
      <line num="7" count="1" type="stmt"/>
      <line num="11" count="1" type="stmt"/>
    </file>
  </project>
</coverage>
